This is pdfTeX, Version 3.14159265-2.6-1.40.20 (TeX Live 2019/Debian) (preloaded format=pdflatex 2022.2.25)  31 MAY 2022 02:57
entering extended mode
 restricted \write18 enabled.
 %&-line parsing enabled.
**/home/iakovos/Git/thesis/t_latex_t/Chapters/1.Introduction.tex
(/home/iakovos/Git/thesis/t_latex_t/Chapters/1.Introduction.tex
LaTeX2e <2020-02-02> patch level 2
L3 programming layer <2020-02-14>
! Undefined control sequence.
l.1 \chapter
            {Introduction} \label{introduction}
? 
! Emergency stop.
l.1 \chapter
            {Introduction} \label{introduction}
End of file on the terminal!

 
Here is how much of TeX's memory you used:
 17 strings out of 483107
 547 string characters out of 5964630
 231847 words of memory out of 5000000
 15142 multiletter control sequences out of 15000+600000
 532338 words of font info for 24 fonts, out of 8000000 for 9000
 59 hyphenation exceptions out of 8191
 12i,0n,15p,137b,8s stack positions out of 5000i,500n,10000p,200000b,80000s
!  ==> Fatal error occurred, no output PDF file produced!
